Command-line parser: Use configuration file Nuclearizer_ER_Data.cfg
Command-line parser: Changing this configuration value: ModuleOptions.XmlTagMeasurementLoaderROA.FileName=/volumes/selene/users/rhea/boosted_decision_tree_sims/Copied_Data/Data/Run043.Cs137.roa.gz
Command-line parser: Changing this configuration value: ModuleOptions.XmlTagEventSaver.FileName=Run043.Cs137.evta.gz
Command-line parser: Changing this configuration value: ModuleOptions.XmlTagSimulationLoader.UseStopAfter=True
Command-line parser: Changing this configuration value: ModuleOptions.XmlTagSimulationLoader.MaximumAcceptedEvents=100000
Command-line parser: Use geometry file /home/andreas/Science/Software/Nuclearizer/MassModel/COSI.DetectorHead.geo.setup
Stage 1 (reading of file(s)) finished after 0.0842369 sec
Stage 2 (evaluating constants) finished after 0.150038 sec
Stage 3 (evaluating vectors) finished after 0.156933 sec
Stage 4 (evaluating for loops) finished after 0.298626 sec
Stage 5 (evaluating random numbers) finished after 0.299246 sec
Stage 6 (evaluating if clauses + initial maths evaluation) finished after 0.514177 sec
   *** User Info: "Loading  shields"  
Stage 7 (analyzing primary keywords) finished after 0.537135 sec
Stage 8 (analyzing "Copies") finished after 0.540791 sec
Stage 9 (analyzing all properties) finished after 0.794179 sec
Stage 10 (generating clones) finished after 0.794552 sec

Cross sections have changed or are missing. Starting calculation using cosima (Geant4)!

   ***  Error  ***
Unable to create cosima source file for cross section creation
   ***  Warning  ***  
Not all cross section files are present!
Stage 11 (validation & post-processing) finished after 0.82461 sec
Stage 12 (volume tree optimization) finished after 0.824677 sec
Geometry BalloonGeometryWithTwelveDetectors loaded!
This file does not exist: "/volumes/selene/users/rhea/boosted_decision_tree_sims/Copied_Data/Data/Run043.Cs137.roa.gz"
Initialization of module Measurement loader for ROA files failed
